<?xml version="1.0" encoding="UTF-8"?>
<testng-results skipped="0" failed="0" ignored="0" total="1" passed="1">
  <reporter-output>
  </reporter-output>
  <suite name="Suite" duration-ms="9396" started-at="2018-11-27T19:41:57Z" finished-at="2018-11-27T19:42:06Z">
    <groups>
    </groups>
    <test name="Test" duration-ms="9396" started-at="2018-11-27T19:41:57Z" finished-at="2018-11-27T19:42:06Z">
      <class name="test_package.vladwebtest_01">
        <test-method status="PASS" signature="beforeTest()[pri:0, instance:test_package.vladwebtest_01@7a3d45bd]" name="beforeTest" is-config="true" duration-ms="7427" started-at="2018-11-27T19:41:57Z" finished-at="2018-11-27T19:42:04Z">
          <reporter-output>
          </reporter-output>
        </test-method> <!-- beforeTest -->
        <test-method status="PASS" signature="testEasy()[pri:0, instance:test_package.vladwebtest_01@7a3d45bd]" name="testEasy" duration-ms="397" started-at="2018-11-27T19:42:04Z" finished-at="2018-11-27T19:42:05Z">
          <reporter-output>
          </reporter-output>
        </test-method> <!-- testEasy -->
        <test-method status="PASS" signature="afterTest()[pri:0, instance:test_package.vladwebtest_01@7a3d45bd]" name="afterTest" is-config="true" duration-ms="1533" started-at="2018-11-27T19:42:05Z" finished-at="2018-11-27T19:42:06Z">
          <reporter-output>
          </reporter-output>
        </test-method> <!-- afterTest -->
      </class> <!-- test_package.vladwebtest_01 -->
    </test> <!-- Test -->
  </suite> <!-- Suite -->
</testng-results>
