<?xml version="1.0" encoding="UTF-8"?>
<testng-results skipped="0" failed="0" ignored="0" total="1" passed="1">
  <reporter-output>
  </reporter-output>
  <suite name="Suite" duration-ms="7511" started-at="2018-11-28T01:36:55Z" finished-at="2018-11-28T01:37:02Z">
    <groups>
    </groups>
    <test name="Test" duration-ms="7511" started-at="2018-11-28T01:36:55Z" finished-at="2018-11-28T01:37:02Z">
      <class name="test_package.vladwebtest_01">
        <test-method status="PASS" signature="beforeTest()[pri:0, instance:test_package.vladwebtest_01@7a3d45bd]" name="beforeTest" is-config="true" duration-ms="5621" started-at="2018-11-28T01:36:55Z" finished-at="2018-11-28T01:37:00Z">
          <reporter-output>
          </reporter-output>
        </test-method> <!-- beforeTest -->
        <test-method status="PASS" signature="testOne()[pri:0, instance:test_package.vladwebtest_01@7a3d45bd]" name="testOne" duration-ms="470" started-at="2018-11-28T01:37:00Z" finished-at="2018-11-28T01:37:01Z">
          <reporter-output>
          </reporter-output>
        </test-method> <!-- testOne -->
        <test-method status="PASS" signature="afterTest()[pri:0, instance:test_package.vladwebtest_01@7a3d45bd]" name="afterTest" is-config="true" duration-ms="1396" started-at="2018-11-28T01:37:01Z" finished-at="2018-11-28T01:37:02Z">
          <reporter-output>
          </reporter-output>
        </test-method> <!-- afterTest -->
      </class> <!-- test_package.vladwebtest_01 -->
    </test> <!-- Test -->
  </suite> <!-- Suite -->
</testng-results>
